# JRE version: Java(TM) SE Runtime Environment (19.0.1+10) (build 19.0.1+10-21)
# Java VM: Java HotSpot(TM) 64-Bit Server VM (19.0.1+10-21, mixed mode, emulated-client, sharing, tiered, compressed oops, compressed class ptrs, g1 gc, windows-amd64)
GC Precious Log:
 CardTable entry size: 512
 Card Set container configuration: InlinePtr #cards 5 size 8 Array Of Cards #cards 12 size 40 Howl #buckets 4 coarsen threshold 1843 Howl Bitmap #cards 512 size 80 coarsen threshold 460 Card regions per heap region 1 cards per card region 2048
 CPUs: 8 total, 8 available
 Memory: 6055M
 Large Page Support: Disabled
 NUMA Support: Disabled
 Compressed Oops: Enabled (32-bit)
 Heap Region Size: 1M
 Heap Min Capacity: 8M
 Heap Initial Capacity: 96M
 Heap Max Capacity: 1514M
 Pre-touch: Disabled
 Parallel Workers: 8
 Concurrent Workers: 2
 Concurrent Refinement Workers: 8
 Periodic GC: Disabled
Heap:
 garbage-first heap   total 110592K, used 71646K [0x00000000a1600000, 0x0000000100000000)
  region size 1024K, 41 young (41984K), 1 survivors (1024K)
 Metaspace       used 75449K, committed 76032K, reserved 1179648K
  class space    used 9731K, committed 10048K, reserved 1048576K
GC Heap History (20 events):
Event: 68.650 GC heap before
{Heap before GC invocations=24 (full 0):
 garbage-first heap   total 66560K, used 52178K [0x00000000a1600000, 0x0000000100000000)
  region size 1024K, 22 young (22528K), 2 survivors (2048K)
 Metaspace       used 68481K, committed 69056K, reserved 1114112K
  class space    used 8854K, committed 9152K, reserved 1048576K
}
Event: 68.655 GC heap after
{Heap after GC invocations=25 (full 0):
 garbage-first heap   total 66560K, used 33248K [0x00000000a1600000, 0x0000000100000000)
  region size 1024K, 3 young (3072K), 3 survivors (3072K)
 Metaspace       used 68481K, committed 69056K, reserved 1114112K
  class space    used 8854K, committed 9152K, reserved 1048576K
}
Event: 69.630 GC heap before
{Heap before GC invocations=25 (full 0):
 garbage-first heap   total 66560K, used 34272K [0x00000000a1600000, 0x0000000100000000)
  region size 1024K, 4 young (4096K), 3 survivors (3072K)
 Metaspace       used 68492K, committed 69056K, reserved 1114112K
  class space    used 8855K, committed 9152K, reserved 1048576K
}
Event: 69.639 GC heap after
{Heap after GC invocations=26 (full 0):
 garbage-first heap   total 66560K, used 33341K [0x00000000a1600000, 0x0000000100000000)
  region size 1024K, 1 young (1024K), 1 survivors (1024K)
 Metaspace       used 68492K, committed 69056K, reserved 1114112K
  class space    used 8855K, committed 9152K, reserved 1048576K
}
Event: 216.185 GC heap before
{Heap before GC invocations=26 (full 0):
 garbage-first heap   total 66560K, used 39485K [0x00000000a1600000, 0x0000000100000000)
  region size 1024K, 9 young (9216K), 1 survivors (1024K)
 Metaspace       used 68663K, committed 69248K, reserved 1114112K
  class space    used 8886K, committed 9152K, reserved 1048576K
}
Event: 216.250 GC heap after
{Heap after GC invocations=27 (full 1):
 garbage-first heap   total 66560K, used 23838K [0x00000000a1600000, 0x0000000100000000)
  region size 1024K, 0 young (0K), 0 survivors (0K)
 Metaspace       used 68316K, committed 69248K, reserved 1114112K
  class space    used 8811K, committed 9152K, reserved 1048576K
}
Event: 217.338 GC heap before
{Heap before GC invocations=27 (full 1):
 garbage-first heap   total 66560K, used 49438K [0x00000000a1600000, 0x0000000100000000)
  region size 1024K, 26 young (26624K), 0 survivors (0K)
 Metaspace       used 68446K, committed 69248K, reserved 1114112K
  class space    used 8834K, committed 9152K, reserved 1048576K
}
Event: 217.345 GC heap after
{Heap after GC invocations=28 (full 1):
 garbage-first heap   total 66560K, used 26737K [0x00000000a1600000, 0x0000000100000000)
  region size 1024K, 3 young (3072K), 3 survivors (3072K)
 Metaspace       used 68446K, committed 69248K, reserved 1114112K
  class space    used 8834K, committed 9152K, reserved 1048576K
}
Event: 217.787 GC heap before
{Heap before GC invocations=29 (full 1):
 garbage-first heap   total 66560K, used 50289K [0x00000000a1600000, 0x0000000100000000)
  region size 1024K, 26 young (26624K), 3 survivors (3072K)
 Metaspace       used 68540K, committed 69248K, reserved 1114112K
  class space    used 8856K, committed 9152K, reserved 1048576K
}
Event: 217.792 GC heap after
{Heap after GC invocations=30 (full 1):
 garbage-first heap   total 66560K, used 27748K [0x00000000a1600000, 0x0000000100000000)
  region size 1024K, 2 young (2048K), 2 survivors (2048K)
 Metaspace       used 68540K, committed 69248K, reserved 1114112K
  class space    used 8856K, committed 9152K, reserved 1048576K
}
Event: 217.845 GC heap before
{Heap before GC invocations=30 (full 1):
 garbage-first heap   total 66560K, used 28772K [0x00000000a1600000, 0x0000000100000000)
  region size 1024K, 3 young (3072K), 2 survivors (2048K)
 Metaspace       used 68547K, committed 69248K, reserved 1114112K
  class space    used 8857K, committed 9152K, reserved 1048576K
}
Event: 217.848 GC heap after
{Heap after GC invocations=31 (full 1):
 garbage-first heap   total 66560K, used 28248K [0x00000000a1600000, 0x0000000100000000)
  region size 1024K, 1 young (1024K), 1 survivors (1024K)
 Metaspace       used 68547K, committed 69248K, reserved 1114112K
  class space    used 8857K, committed 9152K, reserved 1048576K
}
Event: 218.365 GC heap before
{Heap before GC invocations=31 (full 1):
 garbage-first heap   total 66560K, used 51800K [0x00000000a1600000, 0x0000000100000000)
  region size 1024K, 24 young (24576K), 1 survivors (1024K)
 Metaspace       used 68777K, committed 69312K, reserved 1114112K
  class space    used 8874K, committed 9152K, reserved 1048576K
}
Event: 218.370 GC heap after
{Heap after GC invocations=32 (full 1):
 garbage-first heap   total 66560K, used 29873K [0x00000000a1600000, 0x0000000100000000)
  region size 1024K, 3 young (3072K), 3 survivors (3072K)
 Metaspace       used 68777K, committed 69312K, reserved 1114112K
  class space    used 8874K, committed 9152K, reserved 1048576K
}
Event: 218.848 GC heap before
{Heap before GC invocations=33 (full 1):
 garbage-first heap   total 66560K, used 51377K [0x00000000a1600000, 0x0000000100000000)
  region size 1024K, 24 young (24576K), 3 survivors (3072K)
 Metaspace       used 68891K, committed 69440K, reserved 1114112K
  class space    used 8891K, committed 9152K, reserved 1048576K
}
Event: 218.854 GC heap after
{Heap after GC invocations=34 (full 1):
 garbage-first heap   total 66560K, used 32067K [0x00000000a1600000, 0x0000000100000000)
  region size 1024K, 3 young (3072K), 3 survivors (3072K)
 Metaspace       used 68891K, committed 69440K, reserved 1114112K
  class space    used 8891K, committed 9152K, reserved 1048576K
}
Event: 218.874 GC heap before
{Heap before GC invocations=34 (full 1):
 garbage-first heap   total 66560K, used 33091K [0x00000000a1600000, 0x0000000100000000)
  region size 1024K, 4 young (4096K), 3 survivors (3072K)
 Metaspace       used 68891K, committed 69440K, reserved 1114112K
  class space    used 8891K, committed 9152K, reserved 1048576K
}
Event: 218.878 GC heap after
{Heap after GC invocations=35 (full 1):
 garbage-first heap   total 66560K, used 32558K [0x00000000a1600000, 0x0000000100000000)
  region size 1024K, 1 young (1024K), 1 survivors (1024K)
 Metaspace       used 68891K, committed 69440K, reserved 1114112K
  class space    used 8891K, committed 9152K, reserved 1048576K
}
Event: 223.314 GC heap before
{Heap before GC invocations=35 (full 1):
 garbage-first heap   total 66560K, used 50990K [0x00000000a1600000, 0x0000000100000000)
  region size 1024K, 20 young (20480K), 1 survivors (1024K)
 Metaspace       used 68922K, committed 69504K, reserved 1114112K
  class space    used 8893K, committed 9152K, reserved 1048576K
}
Event: 223.317 GC heap after
{Heap after GC invocations=36 (full 1):
 garbage-first heap   total 110592K, used 32734K [0x00000000a1600000, 0x0000000100000000)
  region size 1024K, 1 young (1024K), 1 survivors (1024K)
 Metaspace       used 68922K, committed 69504K, reserved 1114112K
  class space    used 8893K, committed 9152K, reserved 1048576K
}

