# JRE version: Java(TM) SE Runtime Environment (19.0.1+10) (build 19.0.1+10-21)
# Java VM: Java HotSpot(TM) 64-Bit Server VM (19.0.1+10-21, mixed mode, emulated-client, sharing, tiered, compressed oops, compressed class ptrs, g1 gc, windows-amd64)
GC Precious Log:
 CardTable entry size: 512
 Card Set container configuration: InlinePtr #cards 5 size 8 Array Of Cards #cards 12 size 40 Howl #buckets 4 coarsen threshold 1843 Howl Bitmap #cards 512 size 80 coarsen threshold 460 Card regions per heap region 1 cards per card region 2048
 CPUs: 8 total, 8 available
 Memory: 6055M
 Large Page Support: Disabled
 NUMA Support: Disabled
 Compressed Oops: Enabled (32-bit)
 Heap Region Size: 1M
 Heap Min Capacity: 8M
 Heap Initial Capacity: 96M
 Heap Max Capacity: 1514M
 Pre-touch: Disabled
 Parallel Workers: 8
 Concurrent Workers: 2
 Concurrent Refinement Workers: 8
 Periodic GC: Disabled
Heap:
 garbage-first heap   total 70656K, used 40114K [0x00000000a1600000, 0x0000000100000000)
  region size 1024K, 12 young (12288K), 3 survivors (3072K)
 Metaspace       used 61720K, committed 62336K, reserved 1114112K
  class space    used 8235K, committed 8512K, reserved 1048576K
GC Heap History (20 events):
Event: 4.715 GC heap before
{Heap before GC invocations=11 (full 0):
 garbage-first heap   total 58368K, used 24331K [0x00000000a1600000, 0x0000000100000000)
  region size 1024K, 4 young (4096K), 3 survivors (3072K)
 Metaspace       used 42651K, committed 43200K, reserved 1114112K
  class space    used 5695K, committed 5952K, reserved 1048576K
}
Event: 4.720 GC heap after
{Heap after GC invocations=12 (full 0):
 garbage-first heap   total 58368K, used 23501K [0x00000000a1600000, 0x0000000100000000)
  region size 1024K, 1 young (1024K), 1 survivors (1024K)
 Metaspace       used 42651K, committed 43200K, reserved 1114112K
  class space    used 5695K, committed 5952K, reserved 1048576K
}
Event: 5.207 GC heap before
{Heap before GC invocations=12 (full 0):
 garbage-first heap   total 58368K, used 42957K [0x00000000a1600000, 0x0000000100000000)
  region size 1024K, 21 young (21504K), 1 survivors (1024K)
 Metaspace       used 48355K, committed 48832K, reserved 1114112K
  class space    used 6557K, committed 6784K, reserved 1048576K
}
Event: 5.209 GC heap after
{Heap after GC invocations=13 (full 0):
 garbage-first heap   total 58368K, used 24236K [0x00000000a1600000, 0x0000000100000000)
  region size 1024K, 2 young (2048K), 2 survivors (2048K)
 Metaspace       used 48355K, committed 48832K, reserved 1114112K
  class space    used 6557K, committed 6784K, reserved 1048576K
}
Event: 5.797 GC heap before
{Heap before GC invocations=13 (full 0):
 garbage-first heap   total 58368K, used 44716K [0x00000000a1600000, 0x0000000100000000)
  region size 1024K, 22 young (22528K), 2 survivors (2048K)
 Metaspace       used 51853K, committed 52288K, reserved 1114112K
  class space    used 7011K, committed 7232K, reserved 1048576K
}
Event: 5.801 GC heap after
{Heap after GC invocations=14 (full 0):
 garbage-first heap   total 58368K, used 25867K [0x00000000a1600000, 0x0000000100000000)
  region size 1024K, 3 young (3072K), 3 survivors (3072K)
 Metaspace       used 51853K, committed 52288K, reserved 1114112K
  class space    used 7011K, committed 7232K, reserved 1048576K
}
Event: 6.021 GC heap before
{Heap before GC invocations=14 (full 0):
 garbage-first heap   total 58368K, used 45323K [0x00000000a1600000, 0x0000000100000000)
  region size 1024K, 22 young (22528K), 3 survivors (3072K)
 Metaspace       used 53556K, committed 54144K, reserved 1114112K
  class space    used 7214K, committed 7488K, reserved 1048576K
}
Event: 6.025 GC heap after
{Heap after GC invocations=15 (full 0):
 garbage-first heap   total 58368K, used 26714K [0x00000000a1600000, 0x0000000100000000)
  region size 1024K, 1 young (1024K), 1 survivors (1024K)
 Metaspace       used 53556K, committed 54144K, reserved 1114112K
  class space    used 7214K, committed 7488K, reserved 1048576K
}
Event: 6.374 GC heap before
{Heap before GC invocations=15 (full 0):
 garbage-first heap   total 58368K, used 46170K [0x00000000a1600000, 0x0000000100000000)
  region size 1024K, 20 young (20480K), 1 survivors (1024K)
 Metaspace       used 55826K, committed 56320K, reserved 1114112K
  class space    used 7515K, committed 7744K, reserved 1048576K
}
Event: 6.378 GC heap after
{Heap after GC invocations=16 (full 0):
 garbage-first heap   total 70656K, used 28160K [0x00000000a1600000, 0x0000000100000000)
  region size 1024K, 3 young (3072K), 3 survivors (3072K)
 Metaspace       used 55826K, committed 56320K, reserved 1114112K
  class space    used 7515K, committed 7744K, reserved 1048576K
}
Event: 94.235 GC heap before
{Heap before GC invocations=17 (full 0):
 garbage-first heap   total 70656K, used 52736K [0x00000000a1600000, 0x0000000100000000)
  region size 1024K, 28 young (28672K), 3 survivors (3072K)
 Metaspace       used 59126K, committed 59712K, reserved 1114112K
  class space    used 7971K, committed 8256K, reserved 1048576K
}
Event: 94.295 GC heap after
{Heap after GC invocations=18 (full 1):
 garbage-first heap   total 70656K, used 26012K [0x00000000a1600000, 0x0000000100000000)
  region size 1024K, 0 young (0K), 0 survivors (0K)
 Metaspace       used 59126K, committed 59712K, reserved 1114112K
  class space    used 7971K, committed 8256K, reserved 1048576K
}
Event: 94.837 GC heap before
{Heap before GC invocations=18 (full 1):
 garbage-first heap   total 70656K, used 53660K [0x00000000a1600000, 0x0000000100000000)
  region size 1024K, 28 young (28672K), 0 survivors (0K)
 Metaspace       used 59203K, committed 59776K, reserved 1114112K
  class space    used 7981K, committed 8256K, reserved 1048576K
}
Event: 94.839 GC heap after
{Heap after GC invocations=19 (full 1):
 garbage-first heap   total 70656K, used 28388K [0x00000000a1600000, 0x0000000100000000)
  region size 1024K, 3 young (3072K), 3 survivors (3072K)
 Metaspace       used 59203K, committed 59776K, reserved 1114112K
  class space    used 7981K, committed 8256K, reserved 1048576K
}
Event: 95.270 GC heap before
{Heap before GC invocations=19 (full 1):
 garbage-first heap   total 70656K, used 53988K [0x00000000a1600000, 0x0000000100000000)
  region size 1024K, 28 young (28672K), 3 survivors (3072K)
 Metaspace       used 59327K, committed 59904K, reserved 1114112K
  class space    used 7990K, committed 8256K, reserved 1048576K
}
Event: 95.273 GC heap after
{Heap after GC invocations=20 (full 1):
 garbage-first heap   total 70656K, used 29891K [0x00000000a1600000, 0x0000000100000000)
  region size 1024K, 2 young (2048K), 2 survivors (2048K)
 Metaspace       used 59327K, committed 59904K, reserved 1114112K
  class space    used 7990K, committed 8256K, reserved 1048576K
}
Event: 95.437 GC heap before
{Heap before GC invocations=20 (full 1):
 garbage-first heap   total 70656K, used 54467K [0x00000000a1600000, 0x0000000100000000)
  region size 1024K, 26 young (26624K), 2 survivors (2048K)
 Metaspace       used 59490K, committed 60096K, reserved 1114112K
  class space    used 8001K, committed 8320K, reserved 1048576K
}
Event: 95.440 GC heap after
{Heap after GC invocations=21 (full 1):
 garbage-first heap   total 70656K, used 30672K [0x00000000a1600000, 0x0000000100000000)
  region size 1024K, 3 young (3072K), 3 survivors (3072K)
 Metaspace       used 59490K, committed 60096K, reserved 1114112K
  class space    used 8001K, committed 8320K, reserved 1048576K
}
Event: 210.615 GC heap before
{Heap before GC invocations=21 (full 1):
 garbage-first heap   total 70656K, used 55248K [0x00000000a1600000, 0x0000000100000000)
  region size 1024K, 27 young (27648K), 3 survivors (3072K)
 Metaspace       used 61674K, committed 62272K, reserved 1114112K
  class space    used 8234K, committed 8512K, reserved 1048576K
}
Event: 210.621 GC heap after
{Heap after GC invocations=22 (full 1):
 garbage-first heap   total 70656K, used 31922K [0x00000000a1600000, 0x0000000100000000)
  region size 1024K, 3 young (3072K), 3 survivors (3072K)
 Metaspace       used 61674K, committed 62272K, reserved 1114112K
  class space    used 8234K, committed 8512K, reserved 1048576K
}

